# JRE version: OpenJDK Runtime Environment Temurin-21.0.10+7 (21.0.10+7) (build 21.0.10+7-LTS)
# Java VM: OpenJDK 64-Bit Server VM Temurin-21.0.10+7 (21.0.10+7-LTS, mixed mode, sharing, tiered, compressed oops, compressed class ptrs, parallel gc, windows-amd64)
GC Precious Log:
 CardTable entry size: 512
 CPUs: 4 total, 4 available
 Memory: 16311M
 Large Page Support: Disabled
 NUMA Support: Disabled
 Compressed Oops: Enabled (32-bit)
 Alignments: Space 512K, Generation 512K, Heap 2M
 Heap Min Capacity: 100M
 Heap Initial Capacity: 100M
 Heap Max Capacity: 2G
 Pre-touch: Disabled
 Parallel Workers: 4
Heap:
 PSYoungGen      total 18432K, used 11894K [0x00000000d5580000, 0x00000000d6a00000, 0x0000000100000000)
  eden space 16384K, 62% used [0x00000000d5580000,0x00000000d5f73bc0,0x00000000d6580000)
  from space 2048K, 83% used [0x00000000d6800000,0x00000000d69a9ee0,0x00000000d6a00000)
  to   space 2048K, 0% used [0x00000000d6600000,0x00000000d6600000,0x00000000d6800000)
 ParOldGen       total 68608K, used 57845K [0x0000000080000000, 0x0000000084300000, 0x00000000d5580000)
  object space 68608K, 84% used [0x0000000080000000,0x000000008387d6c8,0x0000000084300000)
 Metaspace       used 71336K, committed 72960K, reserved 1179648K
  class space    used 7365K, committed 8064K, reserved 1048576K
GC Heap History (20 events):
Event: 4743.755 GC heap before
{Heap before GC invocations=64 (full 3):
 PSYoungGen      total 17408K, used 17312K [0x00000000d5580000, 0x00000000d6880000, 0x0000000100000000)
  eden space 16896K, 100% used [0x00000000d5580000,0x00000000d6600000,0x00000000d6600000)
  from space 512K, 81% used [0x00000000d6800000,0x00000000d6868040,0x00000000d6880000)
  to   space 1024K, 0% used [0x00000000d6680000,0x00000000d6680000,0x00000000d6780000)
 ParOldGen       total 68608K, used 50866K [0x0000000080000000, 0x0000000084300000, 0x00000000d5580000)
  object space 68608K, 74% used [0x0000000080000000,0x00000000831acb10,0x0000000084300000)
 Metaspace       used 67699K, committed 69120K, reserved 1114112K
  class space    used 7054K, committed 7680K, reserved 1048576K
}
Event: 4743.756 GC heap after
{Heap after GC invocations=64 (full 3):
 PSYoungGen      total 17920K, used 640K [0x00000000d5580000, 0x00000000d6880000, 0x0000000100000000)
  eden space 16896K, 0% used [0x00000000d5580000,0x00000000d5580000,0x00000000d6600000)
  from space 1024K, 62% used [0x00000000d6680000,0x00000000d6720000,0x00000000d6780000)
  to   space 1024K, 0% used [0x00000000d6780000,0x00000000d6780000,0x00000000d6880000)
 ParOldGen       total 68608K, used 51186K [0x0000000080000000, 0x0000000084300000, 0x00000000d5580000)
  object space 68608K, 74% used [0x0000000080000000,0x00000000831fcb50,0x0000000084300000)
 Metaspace       used 67699K, committed 69120K, reserved 1114112K
  class space    used 7054K, committed 7680K, reserved 1048576K
}
Event: 5368.200 GC heap before
{Heap before GC invocations=65 (full 3):
 PSYoungGen      total 17920K, used 17536K [0x00000000d5580000, 0x00000000d6880000, 0x0000000100000000)
  eden space 16896K, 100% used [0x00000000d5580000,0x00000000d6600000,0x00000000d6600000)
  from space 1024K, 62% used [0x00000000d6680000,0x00000000d6720000,0x00000000d6780000)
  to   space 1024K, 0% used [0x00000000d6780000,0x00000000d6780000,0x00000000d6880000)
 ParOldGen       total 68608K, used 51186K [0x0000000080000000, 0x0000000084300000, 0x00000000d5580000)
  object space 68608K, 74% used [0x0000000080000000,0x00000000831fcb50,0x0000000084300000)
 Metaspace       used 67869K, committed 69312K, reserved 1114112K
  class space    used 7057K, committed 7680K, reserved 1048576K
}
Event: 5368.204 GC heap after
{Heap after GC invocations=65 (full 3):
 PSYoungGen      total 17920K, used 704K [0x00000000d5580000, 0x00000000d6880000, 0x0000000100000000)
  eden space 16896K, 0% used [0x00000000d5580000,0x00000000d5580000,0x00000000d6600000)
  from space 1024K, 68% used [0x00000000d6780000,0x00000000d6830000,0x00000000d6880000)
  to   space 1024K, 0% used [0x00000000d6680000,0x00000000d6680000,0x00000000d6780000)
 ParOldGen       total 68608K, used 52096K [0x0000000080000000, 0x0000000084300000, 0x00000000d5580000)
  object space 68608K, 75% used [0x0000000080000000,0x00000000832e0060,0x0000000084300000)
 Metaspace       used 67869K, committed 69312K, reserved 1114112K
  class space    used 7057K, committed 7680K, reserved 1048576K
}
Event: 5571.571 GC heap before
{Heap before GC invocations=66 (full 3):
 PSYoungGen      total 17920K, used 17600K [0x00000000d5580000, 0x00000000d6880000, 0x0000000100000000)
  eden space 16896K, 100% used [0x00000000d5580000,0x00000000d6600000,0x00000000d6600000)
  from space 1024K, 68% used [0x00000000d6780000,0x00000000d6830000,0x00000000d6880000)
  to   space 1024K, 0% used [0x00000000d6680000,0x00000000d6680000,0x00000000d6780000)
 ParOldGen       total 68608K, used 52096K [0x0000000080000000, 0x0000000084300000, 0x00000000d5580000)
  object space 68608K, 75% used [0x0000000080000000,0x00000000832e0060,0x0000000084300000)
 Metaspace       used 67966K, committed 69440K, reserved 1114112K
  class space    used 7061K, committed 7680K, reserved 1048576K
}
Event: 5571.572 GC heap after
{Heap after GC invocations=66 (full 3):
 PSYoungGen      total 17920K, used 704K [0x00000000d5580000, 0x00000000d6800000, 0x0000000100000000)
  eden space 16896K, 0% used [0x00000000d5580000,0x00000000d5580000,0x00000000d6600000)
  from space 1024K, 68% used [0x00000000d6680000,0x00000000d6730040,0x00000000d6780000)
  to   space 512K, 0% used [0x00000000d6780000,0x00000000d6780000,0x00000000d6800000)
 ParOldGen       total 68608K, used 52295K [0x0000000080000000, 0x0000000084300000, 0x00000000d5580000)
  object space 68608K, 76% used [0x0000000080000000,0x0000000083311de0,0x0000000084300000)
 Metaspace       used 67966K, committed 69440K, reserved 1114112K
  class space    used 7061K, committed 7680K, reserved 1048576K
}
Event: 5578.968 GC heap before
{Heap before GC invocations=67 (full 3):
 PSYoungGen      total 17920K, used 17600K [0x00000000d5580000, 0x00000000d6800000, 0x0000000100000000)
  eden space 16896K, 100% used [0x00000000d5580000,0x00000000d6600000,0x00000000d6600000)
  from space 1024K, 68% used [0x00000000d6680000,0x00000000d6730040,0x00000000d6780000)
  to   space 512K, 0% used [0x00000000d6780000,0x00000000d6780000,0x00000000d6800000)
 ParOldGen       total 68608K, used 52295K [0x0000000080000000, 0x0000000084300000, 0x00000000d5580000)
  object space 68608K, 76% used [0x0000000080000000,0x0000000083311de0,0x0000000084300000)
 Metaspace       used 68004K, committed 69440K, reserved 1114112K
  class space    used 7061K, committed 7680K, reserved 1048576K
}
Event: 5578.968 GC heap after
{Heap after GC invocations=67 (full 3):
 PSYoungGen      total 17408K, used 288K [0x00000000d5580000, 0x00000000d6800000, 0x0000000100000000)
  eden space 16896K, 0% used [0x00000000d5580000,0x00000000d5580000,0x00000000d6600000)
  from space 512K, 56% used [0x00000000d6780000,0x00000000d67c8000,0x00000000d6800000)
  to   space 512K, 0% used [0x00000000d6700000,0x00000000d6700000,0x00000000d6780000)
 ParOldGen       total 68608K, used 52583K [0x0000000080000000, 0x0000000084300000, 0x00000000d5580000)
  object space 68608K, 76% used [0x0000000080000000,0x0000000083359e00,0x0000000084300000)
 Metaspace       used 68004K, committed 69440K, reserved 1114112K
  class space    used 7061K, committed 7680K, reserved 1048576K
}
Event: 6786.570 GC heap before
{Heap before GC invocations=68 (full 3):
 PSYoungGen      total 17408K, used 17184K [0x00000000d5580000, 0x00000000d6800000, 0x0000000100000000)
  eden space 16896K, 100% used [0x00000000d5580000,0x00000000d6600000,0x00000000d6600000)
  from space 512K, 56% used [0x00000000d6780000,0x00000000d67c8000,0x00000000d6800000)
  to   space 512K, 0% used [0x00000000d6700000,0x00000000d6700000,0x00000000d6780000)
 ParOldGen       total 68608K, used 52583K [0x0000000080000000, 0x0000000084300000, 0x00000000d5580000)
  object space 68608K, 76% used [0x0000000080000000,0x0000000083359e00,0x0000000084300000)
 Metaspace       used 68098K, committed 69504K, reserved 1114112K
  class space    used 7062K, committed 7680K, reserved 1048576K
}
Event: 6786.575 GC heap after
{Heap after GC invocations=68 (full 3):
 PSYoungGen      total 17408K, used 416K [0x00000000d5580000, 0x00000000d6800000, 0x0000000100000000)
  eden space 16896K, 0% used [0x00000000d5580000,0x00000000d5580000,0x00000000d6600000)
  from space 512K, 81% used [0x00000000d6700000,0x00000000d6768020,0x00000000d6780000)
  to   space 512K, 0% used [0x00000000d6780000,0x00000000d6780000,0x00000000d6800000)
 ParOldGen       total 68608K, used 52743K [0x0000000080000000, 0x0000000084300000, 0x00000000d5580000)
  object space 68608K, 76% used [0x0000000080000000,0x0000000083381e00,0x0000000084300000)
 Metaspace       used 68098K, committed 69504K, reserved 1114112K
  class space    used 7062K, committed 7680K, reserved 1048576K
}
Event: 7536.131 GC heap before
{Heap before GC invocations=69 (full 3):
 PSYoungGen      total 17408K, used 17312K [0x00000000d5580000, 0x00000000d6800000, 0x0000000100000000)
  eden space 16896K, 100% used [0x00000000d5580000,0x00000000d6600000,0x00000000d6600000)
  from space 512K, 81% used [0x00000000d6700000,0x00000000d6768020,0x00000000d6780000)
  to   space 512K, 0% used [0x00000000d6780000,0x00000000d6780000,0x00000000d6800000)
 ParOldGen       total 68608K, used 52743K [0x0000000080000000, 0x0000000084300000, 0x00000000d5580000)
  object space 68608K, 76% used [0x0000000080000000,0x0000000083381e00,0x0000000084300000)
 Metaspace       used 68184K, committed 69632K, reserved 1114112K
  class space    used 7067K, committed 7680K, reserved 1048576K
}
Event: 7536.140 GC heap after
{Heap after GC invocations=69 (full 3):
 PSYoungGen      total 16896K, used 512K [0x00000000d5580000, 0x00000000d6a00000, 0x0000000100000000)
  eden space 16384K, 0% used [0x00000000d5580000,0x00000000d5580000,0x00000000d6580000)
  from space 512K, 100% used [0x00000000d6780000,0x00000000d6800000,0x00000000d6800000)
  to   space 2048K, 0% used [0x00000000d6580000,0x00000000d6580000,0x00000000d6780000)
 ParOldGen       total 68608K, used 53944K [0x0000000080000000, 0x0000000084300000, 0x00000000d5580000)
  object space 68608K, 78% used [0x0000000080000000,0x00000000834ae1e0,0x0000000084300000)
 Metaspace       used 68184K, committed 69632K, reserved 1114112K
  class space    used 7067K, committed 7680K, reserved 1048576K
}
Event: 8146.753 GC heap before
{Heap before GC invocations=70 (full 3):
 PSYoungGen      total 16896K, used 16895K [0x00000000d5580000, 0x00000000d6a00000, 0x0000000100000000)
  eden space 16384K, 99% used [0x00000000d5580000,0x00000000d657ffe8,0x00000000d6580000)
  from space 512K, 100% used [0x00000000d6780000,0x00000000d6800000,0x00000000d6800000)
  to   space 2048K, 0% used [0x00000000d6580000,0x00000000d6580000,0x00000000d6780000)
 ParOldGen       total 68608K, used 53944K [0x0000000080000000, 0x0000000084300000, 0x00000000d5580000)
  object space 68608K, 78% used [0x0000000080000000,0x00000000834ae1e0,0x0000000084300000)
 Metaspace       used 68254K, committed 69696K, reserved 1114112K
  class space    used 7068K, committed 7680K, reserved 1048576K
}
Event: 8146.791 GC heap after
{Heap after GC invocations=70 (full 3):
 PSYoungGen      total 17920K, used 1400K [0x00000000d5580000, 0x00000000d6880000, 0x0000000100000000)
  eden space 16384K, 0% used [0x00000000d5580000,0x00000000d5580000,0x00000000d6580000)
  from space 1536K, 91% used [0x00000000d6580000,0x00000000d66de200,0x00000000d6700000)
  to   space 1536K, 0% used [0x00000000d6700000,0x00000000d6700000,0x00000000d6880000)
 ParOldGen       total 68608K, used 54448K [0x0000000080000000, 0x0000000084300000, 0x00000000d5580000)
  object space 68608K, 79% used [0x0000000080000000,0x000000008352c3d0,0x0000000084300000)
 Metaspace       used 68254K, committed 69696K, reserved 1114112K
  class space    used 7068K, committed 7680K, reserved 1048576K
}
Event: 8538.251 GC heap before
{Heap before GC invocations=71 (full 3):
 PSYoungGen      total 17920K, used 17661K [0x00000000d5580000, 0x00000000d6880000, 0x0000000100000000)
  eden space 16384K, 99% used [0x00000000d5580000,0x00000000d6561550,0x00000000d6580000)
  from space 1536K, 91% used [0x00000000d6580000,0x00000000d66de200,0x00000000d6700000)
  to   space 1536K, 0% used [0x00000000d6700000,0x00000000d6700000,0x00000000d6880000)
 ParOldGen       total 68608K, used 54448K [0x0000000080000000, 0x0000000084300000, 0x00000000d5580000)
  object space 68608K, 79% used [0x0000000080000000,0x000000008352c3d0,0x0000000084300000)
 Metaspace       used 68646K, committed 70080K, reserved 1114112K
  class space    used 7128K, committed 7744K, reserved 1048576K
}
Event: 8538.258 GC heap after
{Heap after GC invocations=71 (full 3):
 PSYoungGen      total 16896K, used 416K [0x00000000d5580000, 0x00000000d6780000, 0x0000000100000000)
  eden space 16384K, 0% used [0x00000000d5580000,0x00000000d5580000,0x00000000d6580000)
  from space 512K, 81% used [0x00000000d6700000,0x00000000d6768030,0x00000000d6780000)
  to   space 1024K, 0% used [0x00000000d6580000,0x00000000d6580000,0x00000000d6680000)
 ParOldGen       total 68608K, used 55698K [0x0000000080000000, 0x0000000084300000, 0x00000000d5580000)
  object space 68608K, 81% used [0x0000000080000000,0x0000000083664950,0x0000000084300000)
 Metaspace       used 68646K, committed 70080K, reserved 1114112K
  class space    used 7128K, committed 7744K, reserved 1048576K
}
Event: 8539.474 GC heap before
{Heap before GC invocations=72 (full 3):
 PSYoungGen      total 16896K, used 16800K [0x00000000d5580000, 0x00000000d6780000, 0x0000000100000000)
  eden space 16384K, 100% used [0x00000000d5580000,0x00000000d6580000,0x00000000d6580000)
  from space 512K, 81% used [0x00000000d6700000,0x00000000d6768030,0x00000000d6780000)
  to   space 1024K, 0% used [0x00000000d6580000,0x00000000d6580000,0x00000000d6680000)
 ParOldGen       total 68608K, used 55698K [0x0000000080000000, 0x0000000084300000, 0x00000000d5580000)
  object space 68608K, 81% used [0x0000000080000000,0x0000000083664950,0x0000000084300000)
 Metaspace       used 70320K, committed 71808K, reserved 1114112K
  class space    used 7288K, committed 7936K, reserved 1048576K
}
Event: 8539.477 GC heap after
{Heap after GC invocations=72 (full 3):
 PSYoungGen      total 17408K, used 1006K [0x00000000d5580000, 0x00000000d6a80000, 0x0000000100000000)
  eden space 16384K, 0% used [0x00000000d5580000,0x00000000d5580000,0x00000000d6580000)
  from space 1024K, 98% used [0x00000000d6580000,0x00000000d667bb10,0x00000000d6680000)
  to   space 2560K, 0% used [0x00000000d6800000,0x00000000d6800000,0x00000000d6a80000)
 ParOldGen       total 68608K, used 56898K [0x0000000080000000, 0x0000000084300000, 0x00000000d5580000)
  object space 68608K, 82% used [0x0000000080000000,0x00000000837909c0,0x0000000084300000)
 Metaspace       used 70320K, committed 71808K, reserved 1114112K
  class space    used 7288K, committed 7936K, reserved 1048576K
}
Event: 8540.196 GC heap before
{Heap before GC invocations=73 (full 3):
 PSYoungGen      total 17408K, used 17390K [0x00000000d5580000, 0x00000000d6a80000, 0x0000000100000000)
  eden space 16384K, 100% used [0x00000000d5580000,0x00000000d6580000,0x00000000d6580000)
  from space 1024K, 98% used [0x00000000d6580000,0x00000000d667bb10,0x00000000d6680000)
  to   space 2560K, 0% used [0x00000000d6800000,0x00000000d6800000,0x00000000d6a80000)
 ParOldGen       total 68608K, used 56898K [0x0000000080000000, 0x0000000084300000, 0x00000000d5580000)
  object space 68608K, 82% used [0x0000000080000000,0x00000000837909c0,0x0000000084300000)
 Metaspace       used 71284K, committed 72768K, reserved 1179648K
  class space    used 7365K, committed 8000K, reserved 1048576K
}
Event: 8540.203 GC heap after
{Heap after GC invocations=73 (full 3):
 PSYoungGen      total 18432K, used 1703K [0x00000000d5580000, 0x00000000d6a00000, 0x0000000100000000)
  eden space 16384K, 0% used [0x00000000d5580000,0x00000000d5580000,0x00000000d6580000)
  from space 2048K, 83% used [0x00000000d6800000,0x00000000d69a9ee0,0x00000000d6a00000)
  to   space 2048K, 0% used [0x00000000d6600000,0x00000000d6600000,0x00000000d6800000)
 ParOldGen       total 68608K, used 57845K [0x0000000080000000, 0x0000000084300000, 0x00000000d5580000)
  object space 68608K, 84% used [0x0000000080000000,0x000000008387d6c8,0x0000000084300000)
 Metaspace       used 71284K, committed 72768K, reserved 1179648K
  class space    used 7365K, committed 8000K, reserved 1048576K
}

